[INFO] (2023-08-05 02:22:38)
目前飞控串口状态：True
[INFO] (2023-08-05 02:22:38)
飞控串口监听线程启动
[INFO] (2023-08-05 02:22:38)
飞控串口发送线程启动
[INFO] (2023-08-05 02:22:38)
gpio串口发送线程启动
[INFO] (2023-08-05 02:22:38)
gpio串口监听线程启动
[INFO] (2023-08-05 02:22:38)
udp监听线程启动
[INFO] (2023-08-05 02:22:51)
[radar] serial task start
[INFO] (2023-08-05 02:22:51)
[RADAR] Map resolve thread started
[INFO] (2023-08-05 02:22:52)
任务2选择
[INFO] (2023-08-05 02:22:53)
wait for radar 
[INFO] (2023-08-05 02:23:03)
计算雷达偏置
[INFO] (2023-08-05 02:23:03)
[60, 470]
[INFO] (2023-08-05 02:23:03)
take off
[INFO] (2023-08-05 02:23:12)
开始延时
[INFO] (2023-08-05 02:23:12)
前进
[WARNING] (2023-08-05 02:23:14)
[RADAR] Invalid CRC8
[ERROR] (2023-08-05 02:23:14)
[RADAR] Map Update Error
[INFO] (2023-08-05 02:23:14)
检测到疑似火源物体
[INFO] (2023-08-05 02:23:16)
检测到疑似火源物体
[INFO] (2023-08-05 02:23:16)
检测到疑似火源物体
[INFO] (2023-08-05 02:23:17)
检测到疑似火源物体
[INFO] (2023-08-05 02:23:17)
检测到疑似火源物体
[INFO] (2023-08-05 02:23:17)
检测到疑似火源物体
[INFO] (2023-08-05 02:23:17)
检测到疑似火源物体
[INFO] (2023-08-05 02:23:17)
检测到疑似火源物体
[INFO] (2023-08-05 02:23:17)
检测到疑似火源物体
[WARNING] (2023-08-05 02:23:17)
[RADAR] Invalid CRC8
[ERROR] (2023-08-05 02:23:17)
[RADAR] Map Update Error
[INFO] (2023-08-05 02:23:17)
检测到疑似火源物体
[INFO] (2023-08-05 02:23:17)
检测到疑似火源物体
[INFO] (2023-08-05 02:23:18)
检测到疑似火源物体
[INFO] (2023-08-05 02:23:18)
检测到疑似火源物体
[INFO] (2023-08-05 02:23:18)
检测到疑似火源物体
[WARNING] (2023-08-05 02:23:18)
[RADAR] Invalid CRC8
[ERROR] (2023-08-05 02:23:18)
[RADAR] Map Update Error
[INFO] (2023-08-05 02:23:18)
检测到疑似火源物体
[INFO] (2023-08-05 02:23:18)
检测到疑似火源物体
[INFO] (2023-08-05 02:23:18)
检测到疑似火源物体
[INFO] (2023-08-05 02:23:19)
检测到疑似火源物体
[INFO] (2023-08-05 02:23:19)
检测到疑似火源物体
[INFO] (2023-08-05 02:23:19)
检测到疑似火源物体
[INFO] (2023-08-05 02:23:19)
检测到疑似火源物体
[INFO] (2023-08-05 02:23:19)
火源检定通过 退出巡逻
[INFO] (2023-08-05 02:23:19)
发现火源 开始接近
[INFO] (2023-08-05 02:23:19)
阶段3
[INFO] (2023-08-05 02:23:19)
xs ys=10 -2
[INFO] (2023-08-05 02:23:19)
res=[345, 96]
[INFO] (2023-08-05 02:23:19)
dp25 -144
[WARNING] (2023-08-05 02:23:19)
[RADAR] Invalid CRC8
[ERROR] (2023-08-05 02:23:19)
[RADAR] Map Update Error
[INFO] (2023-08-05 02:23:19)
阶段3
[INFO] (2023-08-05 02:23:19)
xs ys=6 -8
[INFO] (2023-08-05 02:23:19)
res=[378, 171]
[INFO] (2023-08-05 02:23:19)
dp58 -69
[INFO] (2023-08-05 02:23:19)
阶段3
[INFO] (2023-08-05 02:23:20)
xs ys=10 3
[INFO] (2023-08-05 02:23:20)
res=[307, 107]
[INFO] (2023-08-05 02:23:20)
dp-13 -133
[INFO] (2023-08-05 02:23:20)
阶段3
[INFO] (2023-08-05 02:23:20)
xs ys=10 3
[INFO] (2023-08-05 02:23:20)
res=[293, 108]
[INFO] (2023-08-05 02:23:20)
dp-27 -132
[INFO] (2023-08-05 02:23:20)
阶段3
[INFO] (2023-08-05 02:23:20)
阶段3
[INFO] (2023-08-05 02:23:20)
阶段3
[INFO] (2023-08-05 02:23:20)
阶段3
[INFO] (2023-08-05 02:23:20)
阶段3
[INFO] (2023-08-05 02:23:20)
阶段3
[INFO] (2023-08-05 02:23:20)
阶段3
[INFO] (2023-08-05 02:23:21)
xs ys=10 10
[INFO] (2023-08-05 02:23:21)
res=[238, 141]
[INFO] (2023-08-05 02:23:21)
dp-82 -99
[INFO] (2023-08-05 02:23:21)
阶段3
[INFO] (2023-08-05 02:23:21)
xs ys=10 9
[INFO] (2023-08-05 02:23:21)
res=[242, 148]
[INFO] (2023-08-05 02:23:21)
dp-78 -92
[INFO] (2023-08-05 02:23:21)
阶段3
[INFO] (2023-08-05 02:23:21)
xs ys=10 8
[INFO] (2023-08-05 02:23:21)
res=[248, 159]
[INFO] (2023-08-05 02:23:21)
dp-72 -81
[INFO] (2023-08-05 02:23:21)
阶段3
[INFO] (2023-08-05 02:23:21)
阶段3
[INFO] (2023-08-05 02:23:21)
xs ys=8 8
[INFO] (2023-08-05 02:23:21)
res=[251, 170]
[INFO] (2023-08-05 02:23:21)
dp-69 -70
[INFO] (2023-08-05 02:23:21)
阶段3
[INFO] (2023-08-05 02:23:21)
阶段3
[INFO] (2023-08-05 02:23:21)
阶段3
[INFO] (2023-08-05 02:23:22)
阶段3
[INFO] (2023-08-05 02:23:22)
xs ys=5 7
[INFO] (2023-08-05 02:23:22)
res=[260, 198]
[INFO] (2023-08-05 02:23:22)
dp-60 -42
[INFO] (2023-08-05 02:23:22)
阶段3
[INFO] (2023-08-05 02:23:22)
xs ys=4 6
[INFO] (2023-08-05 02:23:22)
res=[271, 203]
[INFO] (2023-08-05 02:23:22)
dp-49 -37
[INFO] (2023-08-05 02:23:22)
阶段3
[INFO] (2023-08-05 02:23:22)
xs ys=4 5
[INFO] (2023-08-05 02:23:22)
res=[278, 209]
[INFO] (2023-08-05 02:23:22)
dp-42 -31
[INFO] (2023-08-05 02:23:22)
阶段3
[INFO] (2023-08-05 02:23:22)
xs ys=4 4
[INFO] (2023-08-05 02:23:22)
res=[282, 209]
[INFO] (2023-08-05 02:23:22)
dp-38 -31
[INFO] (2023-08-05 02:23:22)
阶段3
[INFO] (2023-08-05 02:23:22)
xs ys=4 4
[INFO] (2023-08-05 02:23:22)
res=[288, 209]
[INFO] (2023-08-05 02:23:22)
dp-32 -31
[INFO] (2023-08-05 02:23:22)
阶段3
[INFO] (2023-08-05 02:23:22)
xs ys=4 3
[INFO] (2023-08-05 02:23:22)
res=[290, 206]
[INFO] (2023-08-05 02:23:22)
dp-30 -34
[INFO] (2023-08-05 02:23:22)
阶段3
[INFO] (2023-08-05 02:23:22)
xs ys=4 3
[INFO] (2023-08-05 02:23:22)
res=[295, 209]
[INFO] (2023-08-05 02:23:22)
dp-25 -31
[INFO] (2023-08-05 02:23:22)
阶段3
[INFO] (2023-08-05 02:23:23)
xs ys=4 2
[INFO] (2023-08-05 02:23:23)
res=[298, 210]
[INFO] (2023-08-05 02:23:23)
dp-22 -30
[INFO] (2023-08-05 02:23:23)
阶段3
[INFO] (2023-08-05 02:23:23)
xs ys=4 2
[INFO] (2023-08-05 02:23:23)
res=[303, 207]
[INFO] (2023-08-05 02:23:23)
dp-17 -33
[INFO] (2023-08-05 02:23:23)
阶段3
[INFO] (2023-08-05 02:23:23)
xs ys=5 1
[INFO] (2023-08-05 02:23:23)
res=[307, 204]
[INFO] (2023-08-05 02:23:23)
dp-13 -36
[INFO] (2023-08-05 02:23:23)
阶段3
[INFO] (2023-08-05 02:23:23)
xs ys=4 1
[INFO] (2023-08-05 02:23:23)
res=[308, 204]
[INFO] (2023-08-05 02:23:23)
dp-12 -36
[INFO] (2023-08-05 02:23:23)
阶段3
[INFO] (2023-08-05 02:23:23)
xs ys=5 1
[INFO] (2023-08-05 02:23:23)
res=[312, 203]
[INFO] (2023-08-05 02:23:23)
dp-8 -37
[INFO] (2023-08-05 02:23:23)
阶段3
[INFO] (2023-08-05 02:23:23)
xs ys=4 0
[INFO] (2023-08-05 02:23:23)
res=[314, 204]
[INFO] (2023-08-05 02:23:23)
dp-6 -36
[INFO] (2023-08-05 02:23:23)
阶段3
[INFO] (2023-08-05 02:23:23)
xs ys=4 0
[INFO] (2023-08-05 02:23:23)
res=[316, 207]
[INFO] (2023-08-05 02:23:23)
dp-4 -33
[INFO] (2023-08-05 02:23:23)
阶段3
[INFO] (2023-08-05 02:23:23)
xs ys=4 0
[INFO] (2023-08-05 02:23:23)
res=[318, 206]
[INFO] (2023-08-05 02:23:23)
dp-2 -34
[INFO] (2023-08-05 02:23:24)
阶段3
[INFO] (2023-08-05 02:23:24)
xs ys=5 0
[INFO] (2023-08-05 02:23:24)
res=[321, 202]
[INFO] (2023-08-05 02:23:24)
dp1 -38
[INFO] (2023-08-05 02:23:24)
阶段3
[INFO] (2023-08-05 02:23:24)
xs ys=5 0
[INFO] (2023-08-05 02:23:24)
res=[323, 203]
[INFO] (2023-08-05 02:23:24)
dp3 -37
[INFO] (2023-08-05 02:23:24)
阶段3
[INFO] (2023-08-05 02:23:24)
xs ys=5 0
[INFO] (2023-08-05 02:23:24)
res=[321, 203]
[INFO] (2023-08-05 02:23:24)
dp1 -37
[INFO] (2023-08-05 02:23:24)
阶段3
[INFO] (2023-08-05 02:23:24)
xs ys=4 0
[INFO] (2023-08-05 02:23:24)
res=[321, 208]
[INFO] (2023-08-05 02:23:24)
dp1 -32
[INFO] (2023-08-05 02:23:24)
阶段3
[INFO] (2023-08-05 02:23:24)
xs ys=4 0
[INFO] (2023-08-05 02:23:24)
res=[320, 208]
[INFO] (2023-08-05 02:23:24)
dp0 -32
[INFO] (2023-08-05 02:23:24)
阶段3
[INFO] (2023-08-05 02:23:24)
xs ys=4 0
[INFO] (2023-08-05 02:23:24)
res=[320, 210]
[INFO] (2023-08-05 02:23:24)
dp0 -30
[INFO] (2023-08-05 02:23:24)
阶段3
[INFO] (2023-08-05 02:23:24)
xs ys=4 0
[INFO] (2023-08-05 02:23:24)
res=[323, 210]
[INFO] (2023-08-05 02:23:24)
dp3 -30
[INFO] (2023-08-05 02:23:25)
阶段3
[INFO] (2023-08-05 02:23:25)
xs ys=4 0
[INFO] (2023-08-05 02:23:25)
res=[323, 210]
[INFO] (2023-08-05 02:23:25)
dp3 -30
[INFO] (2023-08-05 02:23:25)
阶段3
[INFO] (2023-08-05 02:23:25)
xs ys=3 0
[INFO] (2023-08-05 02:23:25)
res=[319, 212]
[INFO] (2023-08-05 02:23:25)
dp-1 -28
[INFO] (2023-08-05 02:23:25)
阶段3
[INFO] (2023-08-05 02:23:25)
xs ys=3 0
[INFO] (2023-08-05 02:23:25)
res=[320, 216]
[INFO] (2023-08-05 02:23:25)
dp0 -24
[INFO] (2023-08-05 02:23:25)
阶段3
[INFO] (2023-08-05 02:23:25)
xs ys=3 0
[INFO] (2023-08-05 02:23:25)
res=[317, 219]
[INFO] (2023-08-05 02:23:25)
dp-3 -21
[INFO] (2023-08-05 02:23:25)
阶段3
[INFO] (2023-08-05 02:23:25)
阶段3
[INFO] (2023-08-05 02:23:25)
xs ys=3 0
[INFO] (2023-08-05 02:23:25)
res=[317, 219]
[INFO] (2023-08-05 02:23:25)
dp-3 -21
[INFO] (2023-08-05 02:23:25)
阶段3
[INFO] (2023-08-05 02:23:25)
xs ys=3 1
[INFO] (2023-08-05 02:23:25)
res=[313, 219]
[INFO] (2023-08-05 02:23:25)
dp-7 -21
[INFO] (2023-08-05 02:23:25)
阶段3
[INFO] (2023-08-05 02:23:25)
xs ys=2 0
[INFO] (2023-08-05 02:23:25)
res=[314, 222]
[INFO] (2023-08-05 02:23:25)
dp-6 -18
[INFO] (2023-08-05 02:23:26)
阶段3
[INFO] (2023-08-05 02:23:26)
xs ys=2 0
[INFO] (2023-08-05 02:23:26)
res=[319, 223]
[INFO] (2023-08-05 02:23:26)
dp-1 -17
[INFO] (2023-08-05 02:23:26)
阶段3
[INFO] (2023-08-05 02:23:26)
xs ys=2 0
[INFO] (2023-08-05 02:23:26)
res=[323, 222]
[INFO] (2023-08-05 02:23:26)
dp3 -18
[INFO] (2023-08-05 02:23:26)
阶段3
[INFO] (2023-08-05 02:23:26)
xs ys=2 0
[INFO] (2023-08-05 02:23:26)
res=[325, 221]
[INFO] (2023-08-05 02:23:26)
dp5 -19
[INFO] (2023-08-05 02:23:26)
阶段3
[INFO] (2023-08-05 02:23:26)
xs ys=3 0
[INFO] (2023-08-05 02:23:26)
res=[326, 220]
[INFO] (2023-08-05 02:23:26)
dp6 -20
[INFO] (2023-08-05 02:23:26)
阶段3
[INFO] (2023-08-05 02:23:26)
xs ys=3 0
[INFO] (2023-08-05 02:23:26)
res=[327, 218]
[INFO] (2023-08-05 02:23:26)
dp7 -22
[INFO] (2023-08-05 02:23:26)
阶段3
[INFO] (2023-08-05 02:23:26)
xs ys=3 0
[INFO] (2023-08-05 02:23:26)
res=[328, 217]
[INFO] (2023-08-05 02:23:26)
dp8 -23
[INFO] (2023-08-05 02:23:26)
阶段3
[INFO] (2023-08-05 02:23:26)
xs ys=3 -1
[INFO] (2023-08-05 02:23:26)
res=[332, 219]
[INFO] (2023-08-05 02:23:26)
dp12 -21
[INFO] (2023-08-05 02:23:26)
阶段3
[INFO] (2023-08-05 02:23:26)
xs ys=3 -1
[INFO] (2023-08-05 02:23:26)
res=[334, 218]
[INFO] (2023-08-05 02:23:26)
dp14 -22
[INFO] (2023-08-05 02:23:26)
阶段3
[INFO] (2023-08-05 02:23:27)
xs ys=3 -1
[INFO] (2023-08-05 02:23:27)
res=[335, 220]
[INFO] (2023-08-05 02:23:27)
dp15 -20
[INFO] (2023-08-05 02:23:27)
阶段3
[INFO] (2023-08-05 02:23:27)
xs ys=2 -2
[INFO] (2023-08-05 02:23:27)
res=[340, 221]
[INFO] (2023-08-05 02:23:27)
dp20 -19
[INFO] (2023-08-05 02:23:27)
阶段3
[INFO] (2023-08-05 02:23:27)
xs ys=2 -2
[INFO] (2023-08-05 02:23:27)
res=[342, 222]
[INFO] (2023-08-05 02:23:27)
dp22 -18
[INFO] (2023-08-05 02:23:27)
阶段3
[INFO] (2023-08-05 02:23:27)
xs ys=2 -2
[INFO] (2023-08-05 02:23:27)
res=[344, 223]
[INFO] (2023-08-05 02:23:27)
dp24 -17
[INFO] (2023-08-05 02:23:27)
阶段3
[INFO] (2023-08-05 02:23:27)
xs ys=2 -2
[INFO] (2023-08-05 02:23:27)
res=[344, 224]
[INFO] (2023-08-05 02:23:27)
dp24 -16
[INFO] (2023-08-05 02:23:27)
阶段3
[INFO] (2023-08-05 02:23:27)
xs ys=2 -2
[INFO] (2023-08-05 02:23:27)
res=[345, 224]
[INFO] (2023-08-05 02:23:27)
dp25 -16
[INFO] (2023-08-05 02:23:27)
阶段3
[INFO] (2023-08-05 02:23:27)
xs ys=1 -2
[INFO] (2023-08-05 02:23:27)
res=[345, 228]
[INFO] (2023-08-05 02:23:27)
dp25 -12
[INFO] (2023-08-05 02:23:27)
阶段3
[INFO] (2023-08-05 02:23:28)
xs ys=1 -2
[INFO] (2023-08-05 02:23:28)
res=[343, 232]
[INFO] (2023-08-05 02:23:28)
dp23 -8
[INFO] (2023-08-05 02:23:28)
阶段3
[INFO] (2023-08-05 02:23:28)
xs ys=0 -2
[INFO] (2023-08-05 02:23:28)
res=[341, 236]
[INFO] (2023-08-05 02:23:28)
dp21 -4
[INFO] (2023-08-05 02:23:28)
阶段3
[INFO] (2023-08-05 02:23:28)
xs ys=0 -2
[INFO] (2023-08-05 02:23:28)
res=[340, 238]
[INFO] (2023-08-05 02:23:28)
dp20 -2
[INFO] (2023-08-05 02:23:28)
阶段3
[INFO] (2023-08-05 02:23:28)
xs ys=0 -1
[INFO] (2023-08-05 02:23:28)
res=[336, 241]
[INFO] (2023-08-05 02:23:28)
dp16 1
[INFO] (2023-08-05 02:23:28)
阶段3
[INFO] (2023-08-05 02:23:28)
xs ys=0 -1
[INFO] (2023-08-05 02:23:28)
res=[333, 242]
[INFO] (2023-08-05 02:23:28)
dp13 2
[INFO] (2023-08-05 02:23:28)
阶段3
[INFO] (2023-08-05 02:23:28)
xs ys=0 -1
[INFO] (2023-08-05 02:23:28)
res=[335, 244]
[INFO] (2023-08-05 02:23:28)
dp15 4
[INFO] (2023-08-05 02:23:28)
阶段3
[INFO] (2023-08-05 02:23:28)
xs ys=0 -1
[INFO] (2023-08-05 02:23:28)
res=[334, 245]
[INFO] (2023-08-05 02:23:28)
dp14 5
[INFO] (2023-08-05 02:23:28)
阶段3
[INFO] (2023-08-05 02:23:28)
xs ys=0 -1
[INFO] (2023-08-05 02:23:28)
res=[333, 246]
[INFO] (2023-08-05 02:23:28)
dp13 6
[INFO] (2023-08-05 02:23:28)
阶段3
[INFO] (2023-08-05 02:23:29)
xs ys=0 -1
[INFO] (2023-08-05 02:23:29)
res=[332, 246]
[INFO] (2023-08-05 02:23:29)
dp12 6
[INFO] (2023-08-05 02:23:29)
阶段3
[INFO] (2023-08-05 02:23:29)
xs ys=0 -1
[INFO] (2023-08-05 02:23:29)
res=[332, 247]
[INFO] (2023-08-05 02:23:29)
dp12 7
[INFO] (2023-08-05 02:23:29)
阶段3
[INFO] (2023-08-05 02:23:29)
xs ys=0 -1
[INFO] (2023-08-05 02:23:29)
res=[333, 247]
[INFO] (2023-08-05 02:23:29)
dp13 7
[INFO] (2023-08-05 02:23:29)
阶段3
[INFO] (2023-08-05 02:23:29)
xs ys=0 -1
[INFO] (2023-08-05 02:23:29)
res=[332, 247]
[INFO] (2023-08-05 02:23:29)
dp12 7
[INFO] (2023-08-05 02:23:29)
阶段3
[INFO] (2023-08-05 02:23:29)
xs ys=0 -1
[INFO] (2023-08-05 02:23:29)
res=[333, 248]
[INFO] (2023-08-05 02:23:29)
dp13 8
[INFO] (2023-08-05 02:23:29)
开始悬停
[INFO] (2023-08-05 02:23:35)
润咯
[WARNING] (2023-08-05 02:23:37)
[RADAR] Invalid CRC8
[ERROR] (2023-08-05 02:23:37)
[RADAR] Map Update Error
[WARNING] (2023-08-05 02:23:38)
[RADAR] Invalid CRC8
[ERROR] (2023-08-05 02:23:38)
[RADAR] Map Update Error
[WARNING] (2023-08-05 02:23:39)
[RADAR] Invalid CRC8
[ERROR] (2023-08-05 02:23:39)
[RADAR] Map Update Error
[WARNING] (2023-08-05 02:23:45)
[RADAR] Invalid CRC8
[ERROR] (2023-08-05 02:23:45)
[RADAR] Map Update Error
[WARNING] (2023-08-05 02:23:48)
[RADAR] Invalid CRC8
[ERROR] (2023-08-05 02:23:48)
[RADAR] Map Update Error
[WARNING] (2023-08-05 02:23:50)
[RADAR] Invalid CRC8
[ERROR] (2023-08-05 02:23:50)
[RADAR] Map Update Error
[WARNING] (2023-08-05 02:23:51)
[RADAR] Invalid CRC8
[ERROR] (2023-08-05 02:23:51)
[RADAR] Map Update Error
[WARNING] (2023-08-05 02:23:53)
[RADAR] Invalid CRC8
[ERROR] (2023-08-05 02:23:53)
[RADAR] Map Update Error
[WARNING] (2023-08-05 02:23:55)
[RADAR] Invalid CRC8
[ERROR] (2023-08-05 02:23:55)
[RADAR] Map Update Error
[WARNING] (2023-08-05 02:23:57)
[RADAR] Invalid CRC8
[ERROR] (2023-08-05 02:23:57)
[RADAR] Map Update Error
[WARNING] (2023-08-05 02:23:58)
[RADAR] Invalid CRC8
[ERROR] (2023-08-05 02:23:58)
[RADAR] Map Update Error
[WARNING] (2023-08-05 02:24:02)
[RADAR] Invalid CRC8
[ERROR] (2023-08-05 02:24:02)
[RADAR] Map Update Error
[WARNING] (2023-08-05 02:24:03)
[RADAR] Invalid CRC8
[ERROR] (2023-08-05 02:24:03)
[RADAR] Map Update Error
[WARNING] (2023-08-05 02:24:05)
[RADAR] Invalid CRC8
[ERROR] (2023-08-05 02:24:05)
[RADAR] Map Update Error
[WARNING] (2023-08-05 02:24:06)
[RADAR] Invalid CRC8
[ERROR] (2023-08-05 02:24:06)
[RADAR] Map Update Error
[WARNING] (2023-08-05 02:24:11)
[RADAR] Invalid CRC8
[ERROR] (2023-08-05 02:24:11)
[RADAR] Map Update Error
[WARNING] (2023-08-05 02:24:12)
[RADAR] Invalid CRC8
[ERROR] (2023-08-05 02:24:12)
[RADAR] Map Update Error
[WARNING] (2023-08-05 02:24:14)
[RADAR] Invalid CRC8
[ERROR] (2023-08-05 02:24:14)
[RADAR] Map Update Error
[WARNING] (2023-08-05 02:24:17)
[RADAR] Invalid CRC8
[ERROR] (2023-08-05 02:24:17)
[RADAR] Map Update Error
[WARNING] (2023-08-05 02:24:18)
[RADAR] Invalid CRC8
[ERROR] (2023-08-05 02:24:18)
[RADAR] Map Update Error
[WARNING] (2023-08-05 02:24:19)
[RADAR] Invalid CRC8
[ERROR] (2023-08-05 02:24:19)
[RADAR] Map Update Error
[WARNING] (2023-08-05 02:24:20)
[RADAR] Invalid CRC8
[ERROR] (2023-08-05 02:24:20)
[RADAR] Map Update Error
[WARNING] (2023-08-05 02:24:23)
[RADAR] Invalid CRC8
[ERROR] (2023-08-05 02:24:23)
[RADAR] Map Update Error
[WARNING] (2023-08-05 02:24:24)
[RADAR] Invalid CRC8
[ERROR] (2023-08-05 02:24:24)
[RADAR] Map Update Error
[WARNING] (2023-08-05 02:24:26)
[RADAR] Invalid CRC8
[ERROR] (2023-08-05 02:24:26)
[RADAR] Map Update Error
[WARNING] (2023-08-05 02:24:30)
[RADAR] Invalid CRC8
[ERROR] (2023-08-05 02:24:30)
[RADAR] Map Update Error
[WARNING] (2023-08-05 02:24:31)
[RADAR] Invalid CRC8
[ERROR] (2023-08-05 02:24:31)
[RADAR] Map Update Error
[WARNING] (2023-08-05 02:24:38)
[RADAR] Invalid CRC8
[ERROR] (2023-08-05 02:24:38)
[RADAR] Map Update Error
[WARNING] (2023-08-05 02:24:44)
[RADAR] Invalid CRC8
[ERROR] (2023-08-05 02:24:44)
[RADAR] Map Update Error
[WARNING] (2023-08-05 02:24:45)
[RADAR] Invalid CRC8
[ERROR] (2023-08-05 02:24:45)
[RADAR] Map Update Error
[WARNING] (2023-08-05 02:24:48)
[RADAR] Invalid CRC8
[ERROR] (2023-08-05 02:24:48)
[RADAR] Map Update Error
[WARNING] (2023-08-05 02:24:52)
[RADAR] Invalid CRC8
[ERROR] (2023-08-05 02:24:52)
[RADAR] Map Update Error
[WARNING] (2023-08-05 02:24:53)
[RADAR] Invalid CRC8
[ERROR] (2023-08-05 02:24:53)
[RADAR] Map Update Error
[WARNING] (2023-08-05 02:24:55)
[RADAR] Invalid CRC8
[ERROR] (2023-08-05 02:24:55)
[RADAR] Map Update Error
[WARNING] (2023-08-05 02:24:56)
[RADAR] Invalid CRC8
[ERROR] (2023-08-05 02:24:56)
[RADAR] Map Update Error
[WARNING] (2023-08-05 02:24:57)
[RADAR] Invalid CRC8
[ERROR] (2023-08-05 02:24:57)
[RADAR] Map Update Error
[WARNING] (2023-08-05 02:24:58)
[RADAR] Invalid CRC8
[ERROR] (2023-08-05 02:24:58)
[RADAR] Map Update Error
[WARNING] (2023-08-05 02:25:01)
[RADAR] Invalid CRC8
[ERROR] (2023-08-05 02:25:01)
[RADAR] Map Update Error
[WARNING] (2023-08-05 02:25:02)
[RADAR] Invalid CRC8
[ERROR] (2023-08-05 02:25:02)
[RADAR] Map Update Error
[WARNING] (2023-08-05 02:25:04)
[RADAR] Invalid CRC8
[ERROR] (2023-08-05 02:25:04)
[RADAR] Map Update Error
[WARNING] (2023-08-05 02:25:08)
[RADAR] Invalid CRC8
[ERROR] (2023-08-05 02:25:08)
[RADAR] Map Update Error
[WARNING] (2023-08-05 02:25:09)
[RADAR] Invalid CRC8
[ERROR] (2023-08-05 02:25:09)
[RADAR] Map Update Error
[WARNING] (2023-08-05 02:25:10)
[RADAR] Invalid CRC8
[ERROR] (2023-08-05 02:25:10)
[RADAR] Map Update Error
[WARNING] (2023-08-05 02:25:11)
[RADAR] Invalid CRC8
[ERROR] (2023-08-05 02:25:11)
[RADAR] Map Update Error
[WARNING] (2023-08-05 02:25:12)
[RADAR] Invalid CRC8
[ERROR] (2023-08-05 02:25:12)
[RADAR] Map Update Error
[WARNING] (2023-08-05 02:25:15)
[RADAR] Invalid CRC8
[ERROR] (2023-08-05 02:25:15)
[RADAR] Map Update Error
[WARNING] (2023-08-05 02:25:19)
[RADAR] Invalid CRC8
[ERROR] (2023-08-05 02:25:19)
[RADAR] Map Update Error
[WARNING] (2023-08-05 02:25:23)
[RADAR] Invalid CRC8
[ERROR] (2023-08-05 02:25:23)
[RADAR] Map Update Error
[WARNING] (2023-08-05 02:25:29)
[RADAR] Invalid CRC8
[ERROR] (2023-08-05 02:25:29)
[RADAR] Map Update Error
[WARNING] (2023-08-05 02:25:31)
[RADAR] Invalid CRC8
[ERROR] (2023-08-05 02:25:31)
[RADAR] Map Update Error
[WARNING] (2023-08-05 02:25:34)
[RADAR] Invalid CRC8
[ERROR] (2023-08-05 02:25:34)
[RADAR] Map Update Error
[WARNING] (2023-08-05 02:25:38)
[RADAR] Invalid CRC8
[ERROR] (2023-08-05 02:25:38)
[RADAR] Map Update Error
[WARNING] (2023-08-05 02:25:41)
[RADAR] Invalid CRC8
[ERROR] (2023-08-05 02:25:41)
[RADAR] Map Update Error
[WARNING] (2023-08-05 02:25:45)
[RADAR] Invalid CRC8
[ERROR] (2023-08-05 02:25:45)
[RADAR] Map Update Error
[WARNING] (2023-08-05 02:25:50)
[RADAR] Invalid CRC8
[ERROR] (2023-08-05 02:25:50)
[RADAR] Map Update Error
